<?xml version="1.0" encoding="UTF-8"?>
<!-- Generated by org.testng.reporters.JUnitXMLReporter -->
<testsuite hostname="Pk" name="BackgroundTest" tests="2" failures="1" timestamp="1 May 2017 12:13:28 GMT" time="46.269" errors="0">
  <testcase name="@BeforeClass beforeSuite" time="0.0" classname="com.klindziuk.protesting.BackgroundTest">
    <failure type="java.lang.RuntimeException" message="javax.mail.AuthenticationFailedException: 454 4.7.0 Too many login attempts, please try again later. t26sm1221078lja.25 - gsmtp
">
      <![CDATA[java.lang.RuntimeException: javax.mail.AuthenticationFailedException: 454 4.7.0 Too many login attempts, please try again later. t26sm1221078lja.25 - gsmtp

	at com.klindziuk.protesting.util.Mail.sendMail(Mail.java:43)
	at com.klindziuk.protesting.BackgroundTest.beforeSuite(BackgroundTest.java:26)
	at java.util.concurrent.ThreadPoolExecutor.runWorker(ThreadPoolExecutor.java:1142)
	at java.util.concurrent.ThreadPoolExecutor$Worker.run(ThreadPoolExecutor.java:617)
	at java.lang.Thread.run(Thread.java:745)
Caused by: javax.mail.AuthenticationFailedException: 454 4.7.0 Too many login attempts, please try again later. t26sm1221078lja.25 - gsmtp

	at com.sun.mail.smtp.SMTPTransport$Authenticator.authenticate(SMTPTransport.java:823)
	at com.sun.mail.smtp.SMTPTransport.authenticate(SMTPTransport.java:756)
	at com.sun.mail.smtp.SMTPTransport.protocolConnect(SMTPTransport.java:673)
	at javax.mail.Service.connect(Service.java:317)
	at javax.mail.Service.connect(Service.java:176)
	at javax.mail.Service.connect(Service.java:125)
	at javax.mail.Transport.send0(Transport.java:194)
	at javax.mail.Transport.send(Transport.java:124)
	at com.klindziuk.protesting.util.Mail.sendMail(Mail.java:40)
	... 14 more
... Removed 10 stack frames]]>
    </failure>
  </testcase> <!-- @BeforeClass beforeSuite -->
  <testcase name="backgroundImageTest" time="0.001" classname="com.klindziuk.protesting.BackgroundTest">
    <skipped/>
  </testcase> <!-- backgroundImageTest -->
  <testcase name="FacebookMessage" time="27.288" classname="com.klindziuk.protesting.ProtestingFacebookMessage">
    <failure type="org.openqa.selenium.TimeoutException" message="Timed out after 5 seconds waiting for visibility of element located by By.id: expanding_cta_close_button
Build info: version: &amp;apos;3.3.1&amp;apos;, revision: &amp;apos;5234b325d5&amp;apos;, time: &amp;apos;2017-03-10 09:10:29 +0000&amp;apos;
System info: host: &amp;apos;PK&amp;apos;, ip: &amp;apos;192.168.1.2&amp;apos;, os.name: &amp;apos;Windows 7&amp;apos;, os.arch: &amp;apos;amd64&amp;apos;, os.version: &amp;apos;6.1&amp;apos;, java.version: &amp;apos;1.8.0_51&amp;apos;
Driver info: org.openqa.selenium.chrome.ChromeDriver
Capabilities [{applicationCacheEnabled=false, rotatable=false, mobileEmulationEnabled=false, networkConnectionEnabled=false, chrome={chromedriverVersion=2.28.455520 (cc17746adff54984afff480136733114c6b3704b), userDataDir=C:\Windows\TEMP\scoped_dir1944_32523}, takesHeapSnapshot=true, pageLoadStrategy=normal, databaseEnabled=false, handlesAlerts=true, hasTouchScreen=false, version=57.0.2987.133, platform=XP, browserConnectionEnabled=false, nativeEvents=true, acceptSslCerts=true, locationContextEnabled=true, webStorageEnabled=true, browserName=chrome, takesScreenshot=true, javascriptEnabled=true, cssSelectorsEnabled=true, unexpectedAlertBehaviour=}]
Session ID: 70dc810b2dc46a1cc9920e75c4742e73">
      <![CDATA[org.openqa.selenium.TimeoutException: Timed out after 5 seconds waiting for visibility of element located by By.id: expanding_cta_close_button
Build info: version: '3.3.1', revision: '5234b325d5', time: '2017-03-10 09:10:29 +0000'
System info: host: 'PK', ip: '192.168.1.2', os.name: 'Windows 7', os.arch: 'amd64', os.version: '6.1', java.version: '1.8.0_51'
Driver info: org.openqa.selenium.chrome.ChromeDriver
Capabilities [{applicationCacheEnabled=false, rotatable=false, mobileEmulationEnabled=false, networkConnectionEnabled=false, chrome={chromedriverVersion=2.28.455520 (cc17746adff54984afff480136733114c6b3704b), userDataDir=C:\Windows\TEMP\scoped_dir1944_32523}, takesHeapSnapshot=true, pageLoadStrategy=normal, databaseEnabled=false, handlesAlerts=true, hasTouchScreen=false, version=57.0.2987.133, platform=XP, browserConnectionEnabled=false, nativeEvents=true, acceptSslCerts=true, locationContextEnabled=true, webStorageEnabled=true, browserName=chrome, takesScreenshot=true, javascriptEnabled=true, cssSelectorsEnabled=true, unexpectedAlertBehaviour=}]
Session ID: 70dc810b2dc46a1cc9920e75c4742e73
	at org.openqa.selenium.support.ui.WebDriverWait.timeoutException(WebDriverWait.java:80)
	at org.openqa.selenium.support.ui.FluentWait.until(FluentWait.java:229)
	at com.klindziuk.protesting.page.FacebookPage.waitFor(FacebookPage.java:62)
	at com.klindziuk.protesting.page.FacebookPage.cancelClick(FacebookPage.java:34)
	at com.klindziuk.protesting.ProtestingFacebookMessage.FacebookMessage(ProtestingFacebookMessage.java:37)
	at java.util.concurrent.ThreadPoolExecutor.runWorker(ThreadPoolExecutor.java:1142)
	at java.util.concurrent.ThreadPoolExecutor$Worker.run(ThreadPoolExecutor.java:617)
	at java.lang.Thread.run(Thread.java:745)
... Removed 10 stack frames]]>
    </failure>
  </testcase> <!-- FacebookMessage -->
</testsuite> <!-- BackgroundTest -->
