<?xml version="1.0" encoding="UTF-8"?>
<testng-results skipped="1" failed="1" total="2" passed="0">
  <reporter-output>
  </reporter-output>
  <suite name="Suite" duration-ms="46269" started-at="2017-05-01T12:12:42Z" finished-at="2017-05-01T12:13:28Z">
    <groups>
    </groups>
    <test name="BackgroundTest" duration-ms="46269" started-at="2017-05-01T12:12:42Z" finished-at="2017-05-01T12:13:28Z">
      <class name="com.klindziuk.protesting.BackgroundTest">
        <test-method status="FAIL" signature="beforeSuite()[pri:0, instance:com.klindziuk.protesting.BackgroundTest@6cd8737]" name="beforeSuite" is-config="true" duration-ms="0" started-at="2017-05-01T15:12:42Z" finished-at="2017-05-01T15:12:42Z">
          <exception class="java.lang.RuntimeException">
            <message>
              <![CDATA[javax.mail.AuthenticationFailedException: 454 4.7.0 Too many login attempts, please try again later. t26sm1221078lja.25 - gsmtp
]]>
            </message>
            <full-stacktrace>
              <![CDATA[java.lang.RuntimeException: javax.mail.AuthenticationFailedException: 454 4.7.0 Too many login attempts, please try again later. t26sm1221078lja.25 - gsmtp

	at com.klindziuk.protesting.util.Mail.sendMail(Mail.java:43)
	at com.klindziuk.protesting.BackgroundTest.beforeSuite(BackgroundTest.java:26)
	at sun.reflect.NativeMethodAccessorImpl.invoke0(Native Method)
	at sun.reflect.NativeMethodAccessorImpl.invoke(NativeMethodAccessorImpl.java:62)
	at sun.reflect.DelegatingMethodAccessorImpl.invoke(DelegatingMethodAccessorImpl.java:43)
	at java.lang.reflect.Method.invoke(Method.java:497)
	at org.testng.internal.MethodInvocationHelper.invokeMethod(MethodInvocationHelper.java:80)
	at org.testng.internal.Invoker.invokeConfigurationMethod(Invoker.java:564)
	at org.testng.internal.Invoker.invokeConfigurations(Invoker.java:213)
	at org.testng.internal.Invoker.invokeConfigurations(Invoker.java:138)
	at org.testng.internal.TestMethodWorker.invokeBeforeClassMethods(TestMethodWorker.java:175)
	at org.testng.internal.TestMethodWorker.run(TestMethodWorker.java:107)
	at java.util.concurrent.ThreadPoolExecutor.runWorker(ThreadPoolExecutor.java:1142)
	at java.util.concurrent.ThreadPoolExecutor$Worker.run(ThreadPoolExecutor.java:617)
	at java.lang.Thread.run(Thread.java:745)
Caused by: javax.mail.AuthenticationFailedException: 454 4.7.0 Too many login attempts, please try again later. t26sm1221078lja.25 - gsmtp

	at com.sun.mail.smtp.SMTPTransport$Authenticator.authenticate(SMTPTransport.java:823)
	at com.sun.mail.smtp.SMTPTransport.authenticate(SMTPTransport.java:756)
	at com.sun.mail.smtp.SMTPTransport.protocolConnect(SMTPTransport.java:673)
	at javax.mail.Service.connect(Service.java:317)
	at javax.mail.Service.connect(Service.java:176)
	at javax.mail.Service.connect(Service.java:125)
	at javax.mail.Transport.send0(Transport.java:194)
	at javax.mail.Transport.send(Transport.java:124)
	at com.klindziuk.protesting.util.Mail.sendMail(Mail.java:40)
	... 14 more
]]>
            </full-stacktrace>
          </exception> <!-- java.lang.RuntimeException -->
          <reporter-output>
          </reporter-output>
        </test-method> <!-- beforeSuite -->
        <test-method status="SKIP" signature="backgroundImageTest()[pri:0, instance:com.klindziuk.protesting.BackgroundTest@6cd8737]" name="backgroundImageTest" duration-ms="1" started-at="2017-05-01T15:12:43Z" finished-at="2017-05-01T15:12:43Z">
          <reporter-output>
          </reporter-output>
        </test-method> <!-- backgroundImageTest -->
        <test-method status="SKIP" signature="afterSuite()[pri:0, instance:com.klindziuk.protesting.BackgroundTest@6cd8737]" name="afterSuite" is-config="true" duration-ms="0" started-at="2017-05-01T15:13:28Z" finished-at="2017-05-01T15:13:28Z">
          <reporter-output>
          </reporter-output>
        </test-method> <!-- afterSuite -->
        <test-method status="SKIP" signature="afterSuite()[pri:0, instance:com.klindziuk.protesting.ProtestingFacebookMessage@2d6e8792]" name="afterSuite" is-config="true" duration-ms="0" started-at="2017-05-01T15:13:28Z" finished-at="2017-05-01T15:13:28Z">
          <reporter-output>
          </reporter-output>
        </test-method> <!-- afterSuite -->
      </class> <!-- com.klindziuk.protesting.BackgroundTest -->
      <class name="com.klindziuk.protesting.ProtestingFacebookMessage">
        <test-method status="PASS" signature="beforeSuite()[pri:0, instance:com.klindziuk.protesting.ProtestingFacebookMessage@2d6e8792]" name="beforeSuite" is-config="true" duration-ms="18914" started-at="2017-05-01T15:12:42Z" finished-at="2017-05-01T15:13:00Z">
          <reporter-output>
          </reporter-output>
        </test-method> <!-- beforeSuite -->
        <test-method status="FAIL" signature="FacebookMessage()[pri:0, instance:com.klindziuk.protesting.ProtestingFacebookMessage@2d6e8792]" name="FacebookMessage" duration-ms="27288" started-at="2017-05-01T15:13:00Z" finished-at="2017-05-01T15:13:28Z">
          <exception class="org.openqa.selenium.TimeoutException">
            <message>
              <![CDATA[Timed out after 5 seconds waiting for visibility of element located by By.id: expanding_cta_close_button
Build info: version: '3.3.1', revision: '5234b325d5', time: '2017-03-10 09:10:29 +0000'
System info: host: 'PK', ip: '192.168.1.2', os.name: 'Windows 7', os.arch: 'amd64', os.version: '6.1', java.version: '1.8.0_51'
Driver info: org.openqa.selenium.chrome.ChromeDriver
Capabilities [{applicationCacheEnabled=false, rotatable=false, mobileEmulationEnabled=false, networkConnectionEnabled=false, chrome={chromedriverVersion=2.28.455520 (cc17746adff54984afff480136733114c6b3704b), userDataDir=C:\Windows\TEMP\scoped_dir1944_32523}, takesHeapSnapshot=true, pageLoadStrategy=normal, databaseEnabled=false, handlesAlerts=true, hasTouchScreen=false, version=57.0.2987.133, platform=XP, browserConnectionEnabled=false, nativeEvents=true, acceptSslCerts=true, locationContextEnabled=true, webStorageEnabled=true, browserName=chrome, takesScreenshot=true, javascriptEnabled=true, cssSelectorsEnabled=true, unexpectedAlertBehaviour=}]
Session ID: 70dc810b2dc46a1cc9920e75c4742e73]]>
            </message>
            <full-stacktrace>
              <![CDATA[org.openqa.selenium.TimeoutException: Timed out after 5 seconds waiting for visibility of element located by By.id: expanding_cta_close_button
Build info: version: '3.3.1', revision: '5234b325d5', time: '2017-03-10 09:10:29 +0000'
System info: host: 'PK', ip: '192.168.1.2', os.name: 'Windows 7', os.arch: 'amd64', os.version: '6.1', java.version: '1.8.0_51'
Driver info: org.openqa.selenium.chrome.ChromeDriver
Capabilities [{applicationCacheEnabled=false, rotatable=false, mobileEmulationEnabled=false, networkConnectionEnabled=false, chrome={chromedriverVersion=2.28.455520 (cc17746adff54984afff480136733114c6b3704b), userDataDir=C:\Windows\TEMP\scoped_dir1944_32523}, takesHeapSnapshot=true, pageLoadStrategy=normal, databaseEnabled=false, handlesAlerts=true, hasTouchScreen=false, version=57.0.2987.133, platform=XP, browserConnectionEnabled=false, nativeEvents=true, acceptSslCerts=true, locationContextEnabled=true, webStorageEnabled=true, browserName=chrome, takesScreenshot=true, javascriptEnabled=true, cssSelectorsEnabled=true, unexpectedAlertBehaviour=}]
Session ID: 70dc810b2dc46a1cc9920e75c4742e73
	at org.openqa.selenium.support.ui.WebDriverWait.timeoutException(WebDriverWait.java:80)
	at org.openqa.selenium.support.ui.FluentWait.until(FluentWait.java:229)
	at com.klindziuk.protesting.page.FacebookPage.waitFor(FacebookPage.java:62)
	at com.klindziuk.protesting.page.FacebookPage.cancelClick(FacebookPage.java:34)
	at com.klindziuk.protesting.ProtestingFacebookMessage.FacebookMessage(ProtestingFacebookMessage.java:37)
	at sun.reflect.NativeMethodAccessorImpl.invoke0(Native Method)
	at sun.reflect.NativeMethodAccessorImpl.invoke(NativeMethodAccessorImpl.java:62)
	at sun.reflect.DelegatingMethodAccessorImpl.invoke(DelegatingMethodAccessorImpl.java:43)
	at java.lang.reflect.Method.invoke(Method.java:497)
	at org.testng.internal.MethodInvocationHelper.invokeMethod(MethodInvocationHelper.java:80)
	at org.testng.internal.Invoker.invokeMethod(Invoker.java:715)
	at org.testng.internal.Invoker.invokeTestMethod(Invoker.java:907)
	at org.testng.internal.Invoker.invokeTestMethods(Invoker.java:1237)
	at org.testng.internal.TestMethodWorker.invokeTestMethods(TestMethodWorker.java:127)
	at org.testng.internal.TestMethodWorker.run(TestMethodWorker.java:111)
	at java.util.concurrent.ThreadPoolExecutor.runWorker(ThreadPoolExecutor.java:1142)
	at java.util.concurrent.ThreadPoolExecutor$Worker.run(ThreadPoolExecutor.java:617)
	at java.lang.Thread.run(Thread.java:745)
]]>
            </full-stacktrace>
          </exception> <!-- org.openqa.selenium.TimeoutException -->
          <reporter-output>
          </reporter-output>
        </test-method> <!-- FacebookMessage -->
      </class> <!-- com.klindziuk.protesting.ProtestingFacebookMessage -->
    </test> <!-- BackgroundTest -->
  </suite> <!-- Suite -->
</testng-results>
